
ROM used:   3971/8192 (48%)
            4517/8192 (55%) including unused fragments

            2.3 Average locations per line
            4.9 Average locations per statement

RAM used:   43/368 (12%) at main() level
            85/368 (23%) worst case

Stack used: 7 worst case (6 in main + 1 for interrupts)
Stack size: 8

Lines Stmts  %   Files
----- ----- ---  -----
  763   597  73  main.c
    5     0   0  main.h
  674     0   0  ..\..\..\..\..\..\..\..\Program Files (x86)\PICC\Devices\16F877A.h
   88    23   3  ..\..\..\..\..\..\..\..\Program Files (x86)\PICC\Drivers\2404.C
   47   123  15  kbd_ext_board_int.c
  165    72   9  mod_lcd.c
----- -----
 1742   815 Total

Page ROM  %  RAM    Vol Diff  Functions:
---- --- --- ---    --- ----  ----------
0     20   1    1             @delay_ms1
 Inline         3             @I2C_READ_1
0     92   2    1             @I2C_WRITE_1
0     13   0    0     32  1.0  init_ext_eeprom
0     74   2    1     84  2.4  ext_eeprom_ready
0     97   2    4    200  4.5  write_ext_eeprom
0    242   6    4    336  5.2  read_ext_eeprom
0    294   7    4   3613  6.3  tc_tecla
0      8   0    0             @const615
0     39   1    1    260  1.9  lcd_envia_nibble
0     33   1    3    176  2.7  lcd_envia_byte
0     61   2    2    433  4.3  lcd_ini
 Inline         4    186  5.5  lcd_pos_xy
0     55   1    1    290  4.1  lcd_escreve
0     10   0    0     59  1.6  RDA_isr
0      5   0    0     22  1.2  EXT_isr
0    120   3    3    962  6.8  MAIN
0      9   0    0             @const670
0     86   2    4             @PSTRINGC7_630
2    421  11   17   3632  8.5  menuPrincipalUser
0      3   0    0   3632  8.5  @const685
0     10   0    0             @const687
0      6   0    0             @const689
0      6   0    0             @const690
0      8   0    0             @const691
0      8   0    0             @const692
0      8   0    0             @const693
0      8   0    0             @const694
0      8   0    0             @const695
0      9   0    0             @const696
1    635  16    3    756  6.7  manutencao
0      8   0    0    756  6.7  @const700
1      9   0    0             @goto12923
1    371   9   14   3099  7.0  menuPrincipalADM
0      5   0    0   3099  7.0  @const709
0     10   0    0             @const711
0      6   0    0             @const713
0      8   0    0             @const714
0      8   0    0             @const715
0      8   0    0             @const716
0      8   0    0             @const717
0      8   0    0             @const718
0      9   0    0             @const719
 Inline        16   2245  8.6  deletarCliente
0      9   0    0   2245  8.6  @const728
0      6   0    0             @const730
0     11   0    0             @const731
0     11   0    0             @const732
 Inline        16   2884  8.5  imprimeCliente
0      8   0    0   2884  8.5  @const741
0     10   0    0             @const743
0     87   2    5             @PSTRINGCN7_630
0      9   0    0             @const746
0     11   0    0             @const747
0     11   0    0             @const748
1    648  16    9   6947  8.0  cadastraCliente
0      8   0    0   6947  8.0  @const756
0      8   0    0             @const757
0     10   0    0             @const759
0     10   0    0             @const761
0      7   0    0             @const763
0      6   0    0             @const764
0      8   0    0             @const765
0     10   0    0             @const767
0     10   0    0             @const769
0      7   0    0             @const771
0      6   0    0             @const772
0    112   3    4   1370  6.4  atualizarBancoSQL
0      5   0    0   1370  6.4  @const776
0      9   0    0    120  3.5  @const782
 Inline         0             @cinit1

Program metrics:
    Functions               28
    Statements              815
    Comments                252
    Volume (V)              75609
    Difficulty (D)          159.2
    Effort to implement (E) 12040617
    Time to implement (T)   185 hours, 49 minutes
    Est Delivered Bugs (B)  18
    Cyclomatic Complexity   155
    Maintainability (MI)    24

 Segment     Used  Free
-----------  ----  ----
00000-00003     4  0  
00004-00057    84  0  
00058-007FF  1799  161  
00800-00FFF  1663  385  
01000-017FF   421  1627  
01800-01FFF     0  2048  



